<?xml version="1.0" encoding="utf-8"?>
<TestRun id="fe8b4ec2-845a-46d9-b181-f7dddb56475c" name="a.forlin@PC-AFORLIN01 2022-12-09 10:00:32" runUser="DATASERVICES\a.forlin" xmlns="http://microsoft.com/schemas/VisualStudio/TeamTest/2010">
  <Times creation="2022-12-09T10:00:32.4082201+01:00" queuing="2022-12-09T10:00:32.4082205+01:00" start="2022-12-09T10:00:30.9768668+01:00" finish="2022-12-09T10:00:32.4275433+01:00" />
  <TestSettings name="default" id="e69cfcd7-88b1-48c0-a1d8-dd29229e5d19">
    <Deployment runDeploymentRoot="a.forlin_PC-AFORLIN01_2022-12-09_10_00_32" />
  </TestSettings>
  <Results>
    <UnitTestResult executionId="f3b69751-bcd8-430a-bf48-23c6b31a6817" testId="93abd710-ef29-c29c-97d3-38790deb037a" testName="TestBase3" computerName="PC-AFORLIN01" duration="00:00:00.0003300" startTime="2022-12-09T10:00:32.1241987+01:00" endTime="2022-12-09T10:00:32.1245294+01:00" testType="13cdc9d9-ddb5-4fa4-a97d-d965ccfc6d4b" outcome="Passed" testListId="8c84fa94-04c1-424b-9868-57a2d4851a1d" relativeResultsDirectory="f3b69751-bcd8-430a-bf48-23c6b31a6817" />
    <UnitTestResult executionId="d0b4de85-0c33-4ee0-9467-61d0ee8e3f88" testId="d0223eb7-28c1-538a-20e2-d0d91a0673d0" testName="TestBase1" computerName="PC-AFORLIN01" duration="00:00:00.0537290" startTime="2022-12-09T10:00:32.0104695+01:00" endTime="2022-12-09T10:00:32.0641177+01:00" testType="13cdc9d9-ddb5-4fa4-a97d-d965ccfc6d4b" outcome="Passed" testListId="8c84fa94-04c1-424b-9868-57a2d4851a1d" relativeResultsDirectory="d0b4de85-0c33-4ee0-9467-61d0ee8e3f88" />
    <UnitTestResult executionId="6225c248-f4b4-4652-8381-fb728069c860" testId="479cda61-1239-4da5-c6f1-fbfaf1e9a312" testName="TestBase2" computerName="PC-AFORLIN01" duration="00:00:00.0007390" startTime="2022-12-09T10:00:32.0955763+01:00" endTime="2022-12-09T10:00:32.0963161+01:00" testType="13cdc9d9-ddb5-4fa4-a97d-d965ccfc6d4b" outcome="Passed" testListId="8c84fa94-04c1-424b-9868-57a2d4851a1d" relativeResultsDirectory="6225c248-f4b4-4652-8381-fb728069c860" />
  </Results>
  <TestDefinitions>
    <UnitTest name="TestBase2" storage="d:\private\adventofcode2022\fsharp\day2part2.tests\bin\debug\net7.0\day2_part2.tests.dll" id="479cda61-1239-4da5-c6f1-fbfaf1e9a312">
      <Execution id="6225c248-f4b4-4652-8381-fb728069c860" />
      <TestMethod codeBase="D:\private\AdventOfCode2022\fsharp\Day2Part2.Tests\bin\Debug\net7.0\Day2_part2.Tests.dll" adapterTypeName="executor://nunit3testexecutor/" className="Day2Part2.Tests" name="TestBase2" />
    </UnitTest>
    <UnitTest name="TestBase3" storage="d:\private\adventofcode2022\fsharp\day2part2.tests\bin\debug\net7.0\day2_part2.tests.dll" id="93abd710-ef29-c29c-97d3-38790deb037a">
      <Execution id="f3b69751-bcd8-430a-bf48-23c6b31a6817" />
      <TestMethod codeBase="D:\private\AdventOfCode2022\fsharp\Day2Part2.Tests\bin\Debug\net7.0\Day2_part2.Tests.dll" adapterTypeName="executor://nunit3testexecutor/" className="Day2Part2.Tests" name="TestBase3" />
    </UnitTest>
    <UnitTest name="TestBase1" storage="d:\private\adventofcode2022\fsharp\day2part2.tests\bin\debug\net7.0\day2_part2.tests.dll" id="d0223eb7-28c1-538a-20e2-d0d91a0673d0">
      <Execution id="d0b4de85-0c33-4ee0-9467-61d0ee8e3f88" />
      <TestMethod codeBase="D:\private\AdventOfCode2022\fsharp\Day2Part2.Tests\bin\Debug\net7.0\Day2_part2.Tests.dll" adapterTypeName="executor://nunit3testexecutor/" className="Day2Part2.Tests" name="TestBase1" />
    </UnitTest>
  </TestDefinitions>
  <TestEntries>
    <TestEntry testId="93abd710-ef29-c29c-97d3-38790deb037a" executionId="f3b69751-bcd8-430a-bf48-23c6b31a6817" testListId="8c84fa94-04c1-424b-9868-57a2d4851a1d" />
    <TestEntry testId="d0223eb7-28c1-538a-20e2-d0d91a0673d0" executionId="d0b4de85-0c33-4ee0-9467-61d0ee8e3f88" testListId="8c84fa94-04c1-424b-9868-57a2d4851a1d" />
    <TestEntry testId="479cda61-1239-4da5-c6f1-fbfaf1e9a312" executionId="6225c248-f4b4-4652-8381-fb728069c860" testListId="8c84fa94-04c1-424b-9868-57a2d4851a1d" />
  </TestEntries>
  <TestLists>
    <TestList name="Results Not in a List" id="8c84fa94-04c1-424b-9868-57a2d4851a1d" />
    <TestList name="All Loaded Results" id="19431567-8539-422a-85d7-44ee4e166bda" />
  </TestLists>
  <ResultSummary outcome="Completed">
    <Counters total="3" executed="3" passed="3" failed="0" error="0" timeout="0" aborted="0" inconclusive="0" passedButRunAborted="0" notRunnable="0" notExecuted="0" disconnected="0" warning="0" completed="0" inProgress="0" pending="0" />
    <Output>
      <StdOut>NUnit Adapter 4.2.0.0: Test execution started&#xD;
Running all tests in D:\private\AdventOfCode2022\fsharp\Day2Part2.Tests\bin\Debug\net7.0\Day2_part2.Tests.dll&#xD;
   NUnit3TestExecutor discovered 3 of 3 NUnit test cases using Current Discovery mode, Non-Explicit run&#xD;
NUnit Adapter 4.2.0.0: Test execution complete&#xD;
</StdOut>
    </Output>
  </ResultSummary>
</TestRun>