<?xml version="1.0" encoding="utf-8"?>
<TestRun id="44b9d65b-3eee-4165-adca-ca676ebbf35b" name="a.forlin@PC-AFORLIN01 2022-12-09 10:00:33" runUser="DATASERVICES\a.forlin" xmlns="http://microsoft.com/schemas/VisualStudio/TeamTest/2010">
  <Times creation="2022-12-09T10:00:33.1102397+01:00" queuing="2022-12-09T10:00:33.1102399+01:00" start="2022-12-09T10:00:31.6019396+01:00" finish="2022-12-09T10:00:33.1178072+01:00" />
  <TestSettings name="default" id="986f0873-826e-44dd-9007-ec2f436022e7">
    <Deployment runDeploymentRoot="a.forlin_PC-AFORLIN01_2022-12-09_10_00_33" />
  </TestSettings>
  <Results>
    <UnitTestResult executionId="c4009940-1c38-415d-902c-554bfd479c56" testId="c8bf8986-1ac7-9cea-1988-7d822f29f50d" testName="Test2" computerName="PC-AFORLIN01" duration="00:00:00.0004750" startTime="2022-12-09T10:00:32.8658011+01:00" endTime="2022-12-09T10:00:32.8662765+01:00" testType="13cdc9d9-ddb5-4fa4-a97d-d965ccfc6d4b" outcome="Passed" testListId="8c84fa94-04c1-424b-9868-57a2d4851a1d" relativeResultsDirectory="c4009940-1c38-415d-902c-554bfd479c56" />
    <UnitTestResult executionId="fbe746bb-8836-4b75-8acd-91fa67b6a623" testId="d31106e2-b4b5-49c1-c93d-07e563ad0ce9" testName="Test3" computerName="PC-AFORLIN01" duration="00:00:00.0002580" startTime="2022-12-09T10:00:32.8741482+01:00" endTime="2022-12-09T10:00:32.8744066+01:00" testType="13cdc9d9-ddb5-4fa4-a97d-d965ccfc6d4b" outcome="Passed" testListId="8c84fa94-04c1-424b-9868-57a2d4851a1d" relativeResultsDirectory="fbe746bb-8836-4b75-8acd-91fa67b6a623" />
    <UnitTestResult executionId="d0a694f7-227b-46d8-be2a-c22d5798278c" testId="80f6fbc9-a38e-df11-d400-316e3abf41d0" testName="Test5" computerName="PC-AFORLIN01" duration="00:00:00.0004160" startTime="2022-12-09T10:00:32.9034883+01:00" endTime="2022-12-09T10:00:32.9039050+01:00" testType="13cdc9d9-ddb5-4fa4-a97d-d965ccfc6d4b" outcome="Passed" testListId="8c84fa94-04c1-424b-9868-57a2d4851a1d" relativeResultsDirectory="d0a694f7-227b-46d8-be2a-c22d5798278c" />
    <UnitTestResult executionId="75da20e7-4dc8-49a0-a670-fbdbac3b0394" testId="862a6f17-0310-058f-1b7f-66528655d1a9" testName="Test1" computerName="PC-AFORLIN01" duration="00:00:00.0325020" startTime="2022-12-09T10:00:32.8184669+01:00" endTime="2022-12-09T10:00:32.8508870+01:00" testType="13cdc9d9-ddb5-4fa4-a97d-d965ccfc6d4b" outcome="Passed" testListId="8c84fa94-04c1-424b-9868-57a2d4851a1d" relativeResultsDirectory="75da20e7-4dc8-49a0-a670-fbdbac3b0394" />
    <UnitTestResult executionId="3afbff71-1047-42f7-9511-2b32004d9d56" testId="8d4f266f-a5af-20ba-f60b-a6bc35c922d5" testName="Test4" computerName="PC-AFORLIN01" duration="00:00:00.0002900" startTime="2022-12-09T10:00:32.8844499+01:00" endTime="2022-12-09T10:00:32.8847407+01:00" testType="13cdc9d9-ddb5-4fa4-a97d-d965ccfc6d4b" outcome="Passed" testListId="8c84fa94-04c1-424b-9868-57a2d4851a1d" relativeResultsDirectory="3afbff71-1047-42f7-9511-2b32004d9d56" />
  </Results>
  <TestDefinitions>
    <UnitTest name="Test2" storage="d:\private\adventofcode2022\fsharp\day6.tests\bin\debug\net7.0\day6.tests.dll" id="c8bf8986-1ac7-9cea-1988-7d822f29f50d">
      <Execution id="c4009940-1c38-415d-902c-554bfd479c56" />
      <TestMethod codeBase="D:\private\AdventOfCode2022\fsharp\Day6.Tests\bin\Debug\net7.0\Day6.Tests.dll" adapterTypeName="executor://nunit3testexecutor/" className="Day6.Tests" name="Test2" />
    </UnitTest>
    <UnitTest name="Test1" storage="d:\private\adventofcode2022\fsharp\day6.tests\bin\debug\net7.0\day6.tests.dll" id="862a6f17-0310-058f-1b7f-66528655d1a9">
      <Execution id="75da20e7-4dc8-49a0-a670-fbdbac3b0394" />
      <TestMethod codeBase="D:\private\AdventOfCode2022\fsharp\Day6.Tests\bin\Debug\net7.0\Day6.Tests.dll" adapterTypeName="executor://nunit3testexecutor/" className="Day6.Tests" name="Test1" />
    </UnitTest>
    <UnitTest name="Test4" storage="d:\private\adventofcode2022\fsharp\day6.tests\bin\debug\net7.0\day6.tests.dll" id="8d4f266f-a5af-20ba-f60b-a6bc35c922d5">
      <Execution id="3afbff71-1047-42f7-9511-2b32004d9d56" />
      <TestMethod codeBase="D:\private\AdventOfCode2022\fsharp\Day6.Tests\bin\Debug\net7.0\Day6.Tests.dll" adapterTypeName="executor://nunit3testexecutor/" className="Day6.Tests" name="Test4" />
    </UnitTest>
    <UnitTest name="Test3" storage="d:\private\adventofcode2022\fsharp\day6.tests\bin\debug\net7.0\day6.tests.dll" id="d31106e2-b4b5-49c1-c93d-07e563ad0ce9">
      <Execution id="fbe746bb-8836-4b75-8acd-91fa67b6a623" />
      <TestMethod codeBase="D:\private\AdventOfCode2022\fsharp\Day6.Tests\bin\Debug\net7.0\Day6.Tests.dll" adapterTypeName="executor://nunit3testexecutor/" className="Day6.Tests" name="Test3" />
    </UnitTest>
    <UnitTest name="Test5" storage="d:\private\adventofcode2022\fsharp\day6.tests\bin\debug\net7.0\day6.tests.dll" id="80f6fbc9-a38e-df11-d400-316e3abf41d0">
      <Execution id="d0a694f7-227b-46d8-be2a-c22d5798278c" />
      <TestMethod codeBase="D:\private\AdventOfCode2022\fsharp\Day6.Tests\bin\Debug\net7.0\Day6.Tests.dll" adapterTypeName="executor://nunit3testexecutor/" className="Day6.Tests" name="Test5" />
    </UnitTest>
  </TestDefinitions>
  <TestEntries>
    <TestEntry testId="c8bf8986-1ac7-9cea-1988-7d822f29f50d" executionId="c4009940-1c38-415d-902c-554bfd479c56" testListId="8c84fa94-04c1-424b-9868-57a2d4851a1d" />
    <TestEntry testId="d31106e2-b4b5-49c1-c93d-07e563ad0ce9" executionId="fbe746bb-8836-4b75-8acd-91fa67b6a623" testListId="8c84fa94-04c1-424b-9868-57a2d4851a1d" />
    <TestEntry testId="80f6fbc9-a38e-df11-d400-316e3abf41d0" executionId="d0a694f7-227b-46d8-be2a-c22d5798278c" testListId="8c84fa94-04c1-424b-9868-57a2d4851a1d" />
    <TestEntry testId="862a6f17-0310-058f-1b7f-66528655d1a9" executionId="75da20e7-4dc8-49a0-a670-fbdbac3b0394" testListId="8c84fa94-04c1-424b-9868-57a2d4851a1d" />
    <TestEntry testId="8d4f266f-a5af-20ba-f60b-a6bc35c922d5" executionId="3afbff71-1047-42f7-9511-2b32004d9d56" testListId="8c84fa94-04c1-424b-9868-57a2d4851a1d" />
  </TestEntries>
  <TestLists>
    <TestList name="Results Not in a List" id="8c84fa94-04c1-424b-9868-57a2d4851a1d" />
    <TestList name="All Loaded Results" id="19431567-8539-422a-85d7-44ee4e166bda" />
  </TestLists>
  <ResultSummary outcome="Completed">
    <Counters total="5" executed="5" passed="5" failed="0" error="0" timeout="0" aborted="0" inconclusive="0" passedButRunAborted="0" notRunnable="0" notExecuted="0" disconnected="0" warning="0" completed="0" inProgress="0" pending="0" />
    <Output>
      <StdOut>NUnit Adapter 4.2.0.0: Test execution started&#xD;
Running all tests in D:\private\AdventOfCode2022\fsharp\Day6.Tests\bin\Debug\net7.0\Day6.Tests.dll&#xD;
   NUnit3TestExecutor discovered 5 of 5 NUnit test cases using Current Discovery mode, Non-Explicit run&#xD;
NUnit Adapter 4.2.0.0: Test execution complete&#xD;
</StdOut>
    </Output>
  </ResultSummary>
</TestRun>