<?xml version="1.0" encoding="utf-8"?>
<TestRun id="8a4452f5-441a-41a0-82ea-73701a2a3e06" name="a.forlin@PC-AFORLIN01 2022-12-09 10:00:32" runUser="DATASERVICES\a.forlin" xmlns="http://microsoft.com/schemas/VisualStudio/TeamTest/2010">
  <Times creation="2022-12-09T10:00:32.4589833+01:00" queuing="2022-12-09T10:00:32.4589836+01:00" start="2022-12-09T10:00:31.1963907+01:00" finish="2022-12-09T10:00:32.4768907+01:00" />
  <TestSettings name="default" id="4a4907aa-c745-4ea3-af2a-5a9408eb0f91">
    <Deployment runDeploymentRoot="a.forlin_PC-AFORLIN01_2022-12-09_10_00_32" />
  </TestSettings>
  <Results>
    <UnitTestResult executionId="3f7b0538-0cb5-40cd-b777-5a27b338fc93" testId="860c6da9-be7c-dc82-f767-73eea4af7561" testName="TestData" computerName="PC-AFORLIN01" duration="00:00:00.0158380" startTime="2022-12-09T10:00:32.0000000+01:00" endTime="2022-12-09T10:00:32.0000000+01:00" testType="13cdc9d9-ddb5-4fa4-a97d-d965ccfc6d4b" outcome="Passed" testListId="8c84fa94-04c1-424b-9868-57a2d4851a1d" relativeResultsDirectory="3f7b0538-0cb5-40cd-b777-5a27b338fc93" />
  </Results>
  <TestDefinitions>
    <UnitTest name="TestData" storage="d:\private\adventofcode2022\fsharp\day1.tests\bin\debug\net7.0\day1.tests.dll" id="860c6da9-be7c-dc82-f767-73eea4af7561">
      <Execution id="3f7b0538-0cb5-40cd-b777-5a27b338fc93" />
      <TestMethod codeBase="D:\private\AdventOfCode2022\fsharp\Day1.Tests\bin\Debug\net7.0\Day1.Tests.dll" adapterTypeName="executor://nunit3testexecutor/" className="Day1.Tests.TestClass" name="TestData" />
    </UnitTest>
  </TestDefinitions>
  <TestEntries>
    <TestEntry testId="860c6da9-be7c-dc82-f767-73eea4af7561" executionId="3f7b0538-0cb5-40cd-b777-5a27b338fc93" testListId="8c84fa94-04c1-424b-9868-57a2d4851a1d" />
  </TestEntries>
  <TestLists>
    <TestList name="Results Not in a List" id="8c84fa94-04c1-424b-9868-57a2d4851a1d" />
    <TestList name="All Loaded Results" id="19431567-8539-422a-85d7-44ee4e166bda" />
  </TestLists>
  <ResultSummary outcome="Completed">
    <Counters total="1" executed="1" passed="1" failed="0" error="0" timeout="0" aborted="0" inconclusive="0" passedButRunAborted="0" notRunnable="0" notExecuted="0" disconnected="0" warning="0" completed="0" inProgress="0" pending="0" />
    <Output>
      <StdOut>NUnit Adapter 3.9.0.0: Test execution started&#xD;
Running all tests in D:\private\AdventOfCode2022\fsharp\Day1.Tests\bin\Debug\net7.0\Day1.Tests.dll&#xD;
NUnit3TestExecutor converted 1 of 1 NUnit test cases&#xD;
NUnit Adapter 3.9.0.0: Test execution complete&#xD;
</StdOut>
    </Output>
  </ResultSummary>
</TestRun>