<?xml version="1.0" encoding="utf-8"?>
<TestRun id="f05b8b5c-5d0f-4ca0-8590-a44c2e7468bb" name="a.forlin@PC-AFORLIN01 2022-12-05 17:08:01" runUser="DATASERVICES\a.forlin" xmlns="http://microsoft.com/schemas/VisualStudio/TeamTest/2010">
  <Times creation="2022-12-05T17:08:01.7811409+01:00" queuing="2022-12-05T17:08:01.7811412+01:00" start="2022-12-05T17:07:59.1955048+01:00" finish="2022-12-05T17:08:01.8763885+01:00" />
  <TestSettings name="default" id="4457c05c-20c0-42a5-ae78-31a44d630a5d">
    <Deployment runDeploymentRoot="a.forlin_PC-AFORLIN01_2022-12-05_17_08_01" />
  </TestSettings>
  <Results>
    <UnitTestResult executionId="9d547908-250d-48ed-be7a-d3253907b93c" testId="860c6da9-be7c-dc82-f767-73eea4af7561" testName="TestData" computerName="PC-AFORLIN01" duration="00:00:00.0597170" startTime="2022-12-05T17:08:01.0000000+01:00" endTime="2022-12-05T17:08:01.0000000+01:00" testType="13cdc9d9-ddb5-4fa4-a97d-d965ccfc6d4b" outcome="Passed" testListId="8c84fa94-04c1-424b-9868-57a2d4851a1d" relativeResultsDirectory="9d547908-250d-48ed-be7a-d3253907b93c" />
  </Results>
  <TestDefinitions>
    <UnitTest name="TestData" storage="d:\private\adventofcode2022\fsharp\day1.tests\bin\debug\net7.0\day1.tests.dll" id="860c6da9-be7c-dc82-f767-73eea4af7561">
      <Execution id="9d547908-250d-48ed-be7a-d3253907b93c" />
      <TestMethod codeBase="d:\private\AdventOfCode2022\fsharp\Day1.Tests\bin\Debug\net7.0\Day1.Tests.dll" adapterTypeName="executor://nunit3testexecutor/" className="Day1.Tests.TestClass" name="TestData" />
    </UnitTest>
  </TestDefinitions>
  <TestEntries>
    <TestEntry testId="860c6da9-be7c-dc82-f767-73eea4af7561" executionId="9d547908-250d-48ed-be7a-d3253907b93c" testListId="8c84fa94-04c1-424b-9868-57a2d4851a1d" />
  </TestEntries>
  <TestLists>
    <TestList name="Results Not in a List" id="8c84fa94-04c1-424b-9868-57a2d4851a1d" />
    <TestList name="All Loaded Results" id="19431567-8539-422a-85d7-44ee4e166bda" />
  </TestLists>
  <ResultSummary outcome="Completed">
    <Counters total="1" executed="1" passed="1" failed="0" error="0" timeout="0" aborted="0" inconclusive="0" passedButRunAborted="0" notRunnable="0" notExecuted="0" disconnected="0" warning="0" completed="0" inProgress="0" pending="0" />
    <Output>
      <StdOut>NUnit Adapter 3.9.0.0: Test execution started&#xD;
Running all tests in d:\private\AdventOfCode2022\fsharp\Day1.Tests\bin\Debug\net7.0\Day1.Tests.dll&#xD;
NUnit3TestExecutor converted 1 of 1 NUnit test cases&#xD;
NUnit Adapter 3.9.0.0: Test execution complete&#xD;
</StdOut>
    </Output>
  </ResultSummary>
</TestRun>