<?xml version="1.0" encoding="utf-8"?>
<TestRun id="4aad71c5-76a7-4e4a-8129-6aa4c6ace972" name="a.forlin@PC-AFORLIN01 2022-12-09 10:00:34" runUser="DATASERVICES\a.forlin" xmlns="http://microsoft.com/schemas/VisualStudio/TeamTest/2010">
  <Times creation="2022-12-09T10:00:34.2098540+01:00" queuing="2022-12-09T10:00:34.2098543+01:00" start="2022-12-09T10:00:33.5200239+01:00" finish="2022-12-09T10:00:34.2160523+01:00" />
  <TestSettings name="default" id="727638f6-4ba6-403d-b209-0cf33a366dd0">
    <Deployment runDeploymentRoot="a.forlin_PC-AFORLIN01_2022-12-09_10_00_34" />
  </TestSettings>
  <Results>
    <UnitTestResult executionId="dc9fc894-693b-4af2-ba90-a52b59f51ff9" testId="ff548455-9023-052a-9631-7f09fc49edd8" testName="TestData" computerName="PC-AFORLIN01" duration="00:00:00.0002230" startTime="2022-12-09T10:00:34.0000000+01:00" endTime="2022-12-09T10:00:34.0000000+01:00" testType="13cdc9d9-ddb5-4fa4-a97d-d965ccfc6d4b" outcome="Passed" testListId="8c84fa94-04c1-424b-9868-57a2d4851a1d" relativeResultsDirectory="dc9fc894-693b-4af2-ba90-a52b59f51ff9" />
    <UnitTestResult executionId="efa41d42-c0ea-4342-8055-5acf8cababea" testId="bdbae822-11ac-f50e-340e-439898823e6e" testName="TestBase2" computerName="PC-AFORLIN01" duration="00:00:00.0007390" startTime="2022-12-09T10:00:34.0000000+01:00" endTime="2022-12-09T10:00:34.0000000+01:00" testType="13cdc9d9-ddb5-4fa4-a97d-d965ccfc6d4b" outcome="Passed" testListId="8c84fa94-04c1-424b-9868-57a2d4851a1d" relativeResultsDirectory="efa41d42-c0ea-4342-8055-5acf8cababea" />
    <UnitTestResult executionId="827baea5-b81d-4c1b-b7c0-7b9367bdeafe" testId="62b18957-b5e5-d105-44b6-cf7d0a9d56fe" testName="TestBase1" computerName="PC-AFORLIN01" duration="00:00:00.0152050" startTime="2022-12-09T10:00:34.0000000+01:00" endTime="2022-12-09T10:00:34.0000000+01:00" testType="13cdc9d9-ddb5-4fa4-a97d-d965ccfc6d4b" outcome="Passed" testListId="8c84fa94-04c1-424b-9868-57a2d4851a1d" relativeResultsDirectory="827baea5-b81d-4c1b-b7c0-7b9367bdeafe" />
    <UnitTestResult executionId="8e37a86d-8bef-4796-b71e-114aadbbed6e" testId="e3d9c523-2b31-d76b-bb09-b6321240e690" testName="TestBase3" computerName="PC-AFORLIN01" duration="00:00:00.0003340" startTime="2022-12-09T10:00:34.0000000+01:00" endTime="2022-12-09T10:00:34.0000000+01:00" testType="13cdc9d9-ddb5-4fa4-a97d-d965ccfc6d4b" outcome="Passed" testListId="8c84fa94-04c1-424b-9868-57a2d4851a1d" relativeResultsDirectory="8e37a86d-8bef-4796-b71e-114aadbbed6e" />
  </Results>
  <TestDefinitions>
    <UnitTest name="TestBase3" storage="d:\private\adventofcode2022\fsharp\day2.tests\bin\debug\net7.0\day2.tests.dll" id="e3d9c523-2b31-d76b-bb09-b6321240e690">
      <Execution id="8e37a86d-8bef-4796-b71e-114aadbbed6e" />
      <TestMethod codeBase="D:\private\AdventOfCode2022\fsharp\Day2.Tests\bin\Debug\net7.0\Day2.Tests.dll" adapterTypeName="executor://nunit3testexecutor/" className="Day2.Tests.TestClass" name="TestBase3" />
    </UnitTest>
    <UnitTest name="TestData" storage="d:\private\adventofcode2022\fsharp\day2.tests\bin\debug\net7.0\day2.tests.dll" id="ff548455-9023-052a-9631-7f09fc49edd8">
      <Execution id="dc9fc894-693b-4af2-ba90-a52b59f51ff9" />
      <TestMethod codeBase="D:\private\AdventOfCode2022\fsharp\Day2.Tests\bin\Debug\net7.0\Day2.Tests.dll" adapterTypeName="executor://nunit3testexecutor/" className="Day2.Tests.TestClass" name="TestData" />
    </UnitTest>
    <UnitTest name="TestBase2" storage="d:\private\adventofcode2022\fsharp\day2.tests\bin\debug\net7.0\day2.tests.dll" id="bdbae822-11ac-f50e-340e-439898823e6e">
      <Execution id="efa41d42-c0ea-4342-8055-5acf8cababea" />
      <TestMethod codeBase="D:\private\AdventOfCode2022\fsharp\Day2.Tests\bin\Debug\net7.0\Day2.Tests.dll" adapterTypeName="executor://nunit3testexecutor/" className="Day2.Tests.TestClass" name="TestBase2" />
    </UnitTest>
    <UnitTest name="TestBase1" storage="d:\private\adventofcode2022\fsharp\day2.tests\bin\debug\net7.0\day2.tests.dll" id="62b18957-b5e5-d105-44b6-cf7d0a9d56fe">
      <Execution id="827baea5-b81d-4c1b-b7c0-7b9367bdeafe" />
      <TestMethod codeBase="D:\private\AdventOfCode2022\fsharp\Day2.Tests\bin\Debug\net7.0\Day2.Tests.dll" adapterTypeName="executor://nunit3testexecutor/" className="Day2.Tests.TestClass" name="TestBase1" />
    </UnitTest>
  </TestDefinitions>
  <TestEntries>
    <TestEntry testId="ff548455-9023-052a-9631-7f09fc49edd8" executionId="dc9fc894-693b-4af2-ba90-a52b59f51ff9" testListId="8c84fa94-04c1-424b-9868-57a2d4851a1d" />
    <TestEntry testId="bdbae822-11ac-f50e-340e-439898823e6e" executionId="efa41d42-c0ea-4342-8055-5acf8cababea" testListId="8c84fa94-04c1-424b-9868-57a2d4851a1d" />
    <TestEntry testId="62b18957-b5e5-d105-44b6-cf7d0a9d56fe" executionId="827baea5-b81d-4c1b-b7c0-7b9367bdeafe" testListId="8c84fa94-04c1-424b-9868-57a2d4851a1d" />
    <TestEntry testId="e3d9c523-2b31-d76b-bb09-b6321240e690" executionId="8e37a86d-8bef-4796-b71e-114aadbbed6e" testListId="8c84fa94-04c1-424b-9868-57a2d4851a1d" />
  </TestEntries>
  <TestLists>
    <TestList name="Results Not in a List" id="8c84fa94-04c1-424b-9868-57a2d4851a1d" />
    <TestList name="All Loaded Results" id="19431567-8539-422a-85d7-44ee4e166bda" />
  </TestLists>
  <ResultSummary outcome="Completed">
    <Counters total="4" executed="4" passed="4" failed="0" error="0" timeout="0" aborted="0" inconclusive="0" passedButRunAborted="0" notRunnable="0" notExecuted="0" disconnected="0" warning="0" completed="0" inProgress="0" pending="0" />
    <Output>
      <StdOut>NUnit Adapter 3.9.0.0: Test execution started&#xD;
Running all tests in D:\private\AdventOfCode2022\fsharp\Day2.Tests\bin\Debug\net7.0\Day2.Tests.dll&#xD;
NUnit3TestExecutor converted 4 of 4 NUnit test cases&#xD;
NUnit Adapter 3.9.0.0: Test execution complete&#xD;
</StdOut>
    </Output>
  </ResultSummary>
</TestRun>