<?xml version="1.0" encoding="utf-8"?>
<TestRun id="ce78869a-c5b4-4de3-9a15-b9647612162d" name="a.forlin@PC-AFORLIN01 2022-12-05 08:49:13" runUser="DATASERVICES\a.forlin" xmlns="http://microsoft.com/schemas/VisualStudio/TeamTest/2010">
  <Times creation="2022-12-05T08:49:13.8891150+01:00" queuing="2022-12-05T08:49:13.8891153+01:00" start="2022-12-05T08:49:13.1043085+01:00" finish="2022-12-05T08:49:13.8966253+01:00" />
  <TestSettings name="default" id="b6c838cb-f116-4fba-ad31-a3a7cc58e291">
    <Deployment runDeploymentRoot="a.forlin_PC-AFORLIN01_2022-12-05_08_49_13" />
  </TestSettings>
  <Results>
    <UnitTestResult executionId="59b7b75c-6716-4520-a814-fddf03692e78" testId="bdbae822-11ac-f50e-340e-439898823e6e" testName="TestBase2" computerName="PC-AFORLIN01" duration="00:00:00.0468649" startTime="2022-12-05T08:49:13.0000000+01:00" endTime="2022-12-05T08:49:13.0000000+01:00" testType="13cdc9d9-ddb5-4fa4-a97d-d965ccfc6d4b" outcome="Failed" testListId="8c84fa94-04c1-424b-9868-57a2d4851a1d" relativeResultsDirectory="59b7b75c-6716-4520-a814-fddf03692e78">
      <Output>
        <ErrorInfo>
          <Message>  Expected: 1&#xD;
  But was:  7&#xD;
</Message>
          <StackTrace>   at Day2.Tests.TestClass.TestBase2() in d:\private\AdventOfCode2022\fsharp\Day2.Tests\Tests.fs:line 25&#xD;
</StackTrace>
        </ErrorInfo>
      </Output>
    </UnitTestResult>
  </Results>
  <TestDefinitions>
    <UnitTest name="TestBase2" storage="d:\private\adventofcode2022\fsharp\day2.tests\bin\debug\net7.0\day2.tests.dll" id="bdbae822-11ac-f50e-340e-439898823e6e">
      <Execution id="59b7b75c-6716-4520-a814-fddf03692e78" />
      <TestMethod codeBase="d:\private\AdventOfCode2022\fsharp\Day2.Tests\bin\Debug\net7.0\Day2.Tests.dll" adapterTypeName="executor://nunit3testexecutor/" className="Day2.Tests.TestClass" name="TestBase2" />
    </UnitTest>
  </TestDefinitions>
  <TestEntries>
    <TestEntry testId="bdbae822-11ac-f50e-340e-439898823e6e" executionId="59b7b75c-6716-4520-a814-fddf03692e78" testListId="8c84fa94-04c1-424b-9868-57a2d4851a1d" />
  </TestEntries>
  <TestLists>
    <TestList name="Results Not in a List" id="8c84fa94-04c1-424b-9868-57a2d4851a1d" />
    <TestList name="All Loaded Results" id="19431567-8539-422a-85d7-44ee4e166bda" />
  </TestLists>
  <ResultSummary outcome="Failed">
    <Counters total="1" executed="1" passed="0" failed="1" error="0" timeout="0" aborted="0" inconclusive="0" passedButRunAborted="0" notRunnable="0" notExecuted="0" disconnected="0" warning="0" completed="0" inProgress="0" pending="0" />
    <Output>
      <StdOut>NUnit Adapter 3.9.0.0: Test execution started&#xD;
Running all tests in d:\private\AdventOfCode2022\fsharp\Day2.Tests\bin\Debug\net7.0\Day2.Tests.dll&#xD;
NUnit3TestExecutor converted 4 of 4 NUnit test cases&#xD;
NUnit Adapter 3.9.0.0: Test execution complete&#xD;
</StdOut>
    </Output>
  </ResultSummary>
</TestRun>