<?xml version="1.0" encoding="utf-8"?>
<TestRun id="928c0cfd-d7ee-41bc-b7a1-855d75a3744f" name="a.forlin@PC-AFORLIN01 2022-12-05 17:08:01" runUser="DATASERVICES\a.forlin" xmlns="http://microsoft.com/schemas/VisualStudio/TeamTest/2010">
  <Times creation="2022-12-05T17:08:01.7265707+01:00" queuing="2022-12-05T17:08:01.7265711+01:00" start="2022-12-05T17:07:58.8441060+01:00" finish="2022-12-05T17:08:01.7593541+01:00" />
  <TestSettings name="default" id="43c19d75-2a48-46c6-8acc-67aa4f7f8a1b">
    <Deployment runDeploymentRoot="a.forlin_PC-AFORLIN01_2022-12-05_17_08_01" />
  </TestSettings>
  <Results>
    <UnitTestResult executionId="25d4ef37-eda4-4464-a8ca-036933a9d1dc" testId="62b18957-b5e5-d105-44b6-cf7d0a9d56fe" testName="TestBase1" computerName="PC-AFORLIN01" duration="00:00:00.1154950" startTime="2022-12-05T17:08:01.0000000+01:00" endTime="2022-12-05T17:08:01.0000000+01:00" testType="13cdc9d9-ddb5-4fa4-a97d-d965ccfc6d4b" outcome="Passed" testListId="8c84fa94-04c1-424b-9868-57a2d4851a1d" relativeResultsDirectory="25d4ef37-eda4-4464-a8ca-036933a9d1dc" />
    <UnitTestResult executionId="c97f4f32-0c14-4514-bcc9-4f0d122c321b" testId="bdbae822-11ac-f50e-340e-439898823e6e" testName="TestBase2" computerName="PC-AFORLIN01" duration="00:00:00.0005550" startTime="2022-12-05T17:08:01.0000000+01:00" endTime="2022-12-05T17:08:01.0000000+01:00" testType="13cdc9d9-ddb5-4fa4-a97d-d965ccfc6d4b" outcome="Passed" testListId="8c84fa94-04c1-424b-9868-57a2d4851a1d" relativeResultsDirectory="c97f4f32-0c14-4514-bcc9-4f0d122c321b" />
    <UnitTestResult executionId="04f1ea45-7245-478c-8a3d-a2cc81bc842e" testId="ff548455-9023-052a-9631-7f09fc49edd8" testName="TestData" computerName="PC-AFORLIN01" duration="00:00:00.0003089" startTime="2022-12-05T17:08:01.0000000+01:00" endTime="2022-12-05T17:08:01.0000000+01:00" testType="13cdc9d9-ddb5-4fa4-a97d-d965ccfc6d4b" outcome="Passed" testListId="8c84fa94-04c1-424b-9868-57a2d4851a1d" relativeResultsDirectory="04f1ea45-7245-478c-8a3d-a2cc81bc842e" />
    <UnitTestResult executionId="148cbd49-8273-4944-8dac-59263681682c" testId="e3d9c523-2b31-d76b-bb09-b6321240e690" testName="TestBase3" computerName="PC-AFORLIN01" duration="00:00:00.0059480" startTime="2022-12-05T17:08:01.0000000+01:00" endTime="2022-12-05T17:08:01.0000000+01:00" testType="13cdc9d9-ddb5-4fa4-a97d-d965ccfc6d4b" outcome="Passed" testListId="8c84fa94-04c1-424b-9868-57a2d4851a1d" relativeResultsDirectory="148cbd49-8273-4944-8dac-59263681682c" />
  </Results>
  <TestDefinitions>
    <UnitTest name="TestBase3" storage="d:\private\adventofcode2022\fsharp\day2.tests\bin\debug\net7.0\day2.tests.dll" id="e3d9c523-2b31-d76b-bb09-b6321240e690">
      <Execution id="148cbd49-8273-4944-8dac-59263681682c" />
      <TestMethod codeBase="d:\private\AdventOfCode2022\fsharp\Day2.Tests\bin\Debug\net7.0\Day2.Tests.dll" adapterTypeName="executor://nunit3testexecutor/" className="Day2.Tests.TestClass" name="TestBase3" />
    </UnitTest>
    <UnitTest name="TestData" storage="d:\private\adventofcode2022\fsharp\day2.tests\bin\debug\net7.0\day2.tests.dll" id="ff548455-9023-052a-9631-7f09fc49edd8">
      <Execution id="04f1ea45-7245-478c-8a3d-a2cc81bc842e" />
      <TestMethod codeBase="d:\private\AdventOfCode2022\fsharp\Day2.Tests\bin\Debug\net7.0\Day2.Tests.dll" adapterTypeName="executor://nunit3testexecutor/" className="Day2.Tests.TestClass" name="TestData" />
    </UnitTest>
    <UnitTest name="TestBase2" storage="d:\private\adventofcode2022\fsharp\day2.tests\bin\debug\net7.0\day2.tests.dll" id="bdbae822-11ac-f50e-340e-439898823e6e">
      <Execution id="c97f4f32-0c14-4514-bcc9-4f0d122c321b" />
      <TestMethod codeBase="d:\private\AdventOfCode2022\fsharp\Day2.Tests\bin\Debug\net7.0\Day2.Tests.dll" adapterTypeName="executor://nunit3testexecutor/" className="Day2.Tests.TestClass" name="TestBase2" />
    </UnitTest>
    <UnitTest name="TestBase1" storage="d:\private\adventofcode2022\fsharp\day2.tests\bin\debug\net7.0\day2.tests.dll" id="62b18957-b5e5-d105-44b6-cf7d0a9d56fe">
      <Execution id="25d4ef37-eda4-4464-a8ca-036933a9d1dc" />
      <TestMethod codeBase="d:\private\AdventOfCode2022\fsharp\Day2.Tests\bin\Debug\net7.0\Day2.Tests.dll" adapterTypeName="executor://nunit3testexecutor/" className="Day2.Tests.TestClass" name="TestBase1" />
    </UnitTest>
  </TestDefinitions>
  <TestEntries>
    <TestEntry testId="62b18957-b5e5-d105-44b6-cf7d0a9d56fe" executionId="25d4ef37-eda4-4464-a8ca-036933a9d1dc" testListId="8c84fa94-04c1-424b-9868-57a2d4851a1d" />
    <TestEntry testId="bdbae822-11ac-f50e-340e-439898823e6e" executionId="c97f4f32-0c14-4514-bcc9-4f0d122c321b" testListId="8c84fa94-04c1-424b-9868-57a2d4851a1d" />
    <TestEntry testId="ff548455-9023-052a-9631-7f09fc49edd8" executionId="04f1ea45-7245-478c-8a3d-a2cc81bc842e" testListId="8c84fa94-04c1-424b-9868-57a2d4851a1d" />
    <TestEntry testId="e3d9c523-2b31-d76b-bb09-b6321240e690" executionId="148cbd49-8273-4944-8dac-59263681682c" testListId="8c84fa94-04c1-424b-9868-57a2d4851a1d" />
  </TestEntries>
  <TestLists>
    <TestList name="Results Not in a List" id="8c84fa94-04c1-424b-9868-57a2d4851a1d" />
    <TestList name="All Loaded Results" id="19431567-8539-422a-85d7-44ee4e166bda" />
  </TestLists>
  <ResultSummary outcome="Completed">
    <Counters total="4" executed="4" passed="4" failed="0" error="0" timeout="0" aborted="0" inconclusive="0" passedButRunAborted="0" notRunnable="0" notExecuted="0" disconnected="0" warning="0" completed="0" inProgress="0" pending="0" />
    <Output>
      <StdOut>NUnit Adapter 3.9.0.0: Test execution started&#xD;
Running all tests in d:\private\AdventOfCode2022\fsharp\Day2.Tests\bin\Debug\net7.0\Day2.Tests.dll&#xD;
NUnit3TestExecutor converted 4 of 4 NUnit test cases&#xD;
NUnit Adapter 3.9.0.0: Test execution complete&#xD;
</StdOut>
    </Output>
  </ResultSummary>
</TestRun>