<?xml version="1.0" encoding="utf-8"?>
<TestRun id="5f576fa4-ac59-4635-8278-82625122ec69" name="a.forlin@PC-AFORLIN01 2022-12-09 10:00:35" runUser="DATASERVICES\a.forlin" xmlns="http://microsoft.com/schemas/VisualStudio/TeamTest/2010">
  <Times creation="2022-12-09T10:00:35.2785278+01:00" queuing="2022-12-09T10:00:35.2785281+01:00" start="2022-12-09T10:00:34.5011429+01:00" finish="2022-12-09T10:00:35.2842763+01:00" />
  <TestSettings name="default" id="15056e53-2e48-4022-9437-2718967b4e94">
    <Deployment runDeploymentRoot="a.forlin_PC-AFORLIN01_2022-12-09_10_00_35" />
  </TestSettings>
  <Results>
    <UnitTestResult executionId="f6e466e0-c614-4332-8e98-522c686ddf75" testId="c1f2d8b6-a51e-1763-da25-6b5a8bec758d" testName="TestReduce" computerName="PC-AFORLIN01" duration="00:00:00.0007190" startTime="2022-12-09T10:00:35.1543084+01:00" endTime="2022-12-09T10:00:35.1550277+01:00" testType="13cdc9d9-ddb5-4fa4-a97d-d965ccfc6d4b" outcome="Passed" testListId="8c84fa94-04c1-424b-9868-57a2d4851a1d" relativeResultsDirectory="f6e466e0-c614-4332-8e98-522c686ddf75">
      <Output>
        <StdOut>... 	... 	[Z] 	&#xD;
... 	... 	[N] 	&#xD;
... 	[C] 	[D] 	&#xD;
... 	[M] 	[P] 	&#xD;
 1  	 2  	 3</StdOut>
      </Output>
    </UnitTestResult>
    <UnitTestResult executionId="6cd598e3-3659-496e-9953-cc558a58fa53" testId="baf70c4b-54b2-379d-721b-42dc980091fb" testName="TestFile" computerName="PC-AFORLIN01" duration="00:00:00.0041310" startTime="2022-12-09T10:00:35.1483500+01:00" endTime="2022-12-09T10:00:35.1524804+01:00" testType="13cdc9d9-ddb5-4fa4-a97d-d965ccfc6d4b" outcome="Passed" testListId="8c84fa94-04c1-424b-9868-57a2d4851a1d" relativeResultsDirectory="6cd598e3-3659-496e-9953-cc558a58fa53" />
    <UnitTestResult executionId="19bc4df3-213a-4cea-a3e4-dd6bd0c1e5f9" testId="41fef07d-24eb-a8a1-f34b-76656fd7cd82" testName="Test1" computerName="PC-AFORLIN01" duration="00:00:00.0374500" startTime="2022-12-09T10:00:35.0756542+01:00" endTime="2022-12-09T10:00:35.1130217+01:00" testType="13cdc9d9-ddb5-4fa4-a97d-d965ccfc6d4b" outcome="Passed" testListId="8c84fa94-04c1-424b-9868-57a2d4851a1d" relativeResultsDirectory="19bc4df3-213a-4cea-a3e4-dd6bd0c1e5f9" />
    <UnitTestResult executionId="87c3ce8b-271b-4e5d-830d-b5ef136688c0" testId="266d3783-7dcc-ac05-bad8-c4e2f47b01f5" testName="Test2" computerName="PC-AFORLIN01" duration="00:00:00.0080950" startTime="2022-12-09T10:00:35.1149513+01:00" endTime="2022-12-09T10:00:35.1230459+01:00" testType="13cdc9d9-ddb5-4fa4-a97d-d965ccfc6d4b" outcome="Passed" testListId="8c84fa94-04c1-424b-9868-57a2d4851a1d" relativeResultsDirectory="87c3ce8b-271b-4e5d-830d-b5ef136688c0" />
    <UnitTestResult executionId="a4ac105e-c899-4501-9a74-f1f9f0e3e1bc" testId="51f7744c-e200-5033-d6a7-85a98e684330" testName="Test5" computerName="PC-AFORLIN01" duration="00:00:00.0158060" startTime="2022-12-09T10:00:35.1325205+01:00" endTime="2022-12-09T10:00:35.1483265+01:00" testType="13cdc9d9-ddb5-4fa4-a97d-d965ccfc6d4b" outcome="Passed" testListId="8c84fa94-04c1-424b-9868-57a2d4851a1d" relativeResultsDirectory="a4ac105e-c899-4501-9a74-f1f9f0e3e1bc">
      <Output>
        <StdOut>[D] 	... 	... 	&#xD;
[N] 	[C] 	... 	&#xD;
[Z] 	[M] 	[P] 	&#xD;
 1  	 2  	 3</StdOut>
      </Output>
    </UnitTestResult>
    <UnitTestResult executionId="39ab28b4-f370-451c-9d2d-7eb0d971e593" testId="588c1eb3-978a-c208-0658-10e1367b6fdc" testName="TestPart2" computerName="PC-AFORLIN01" duration="00:00:00.0017900" startTime="2022-12-09T10:00:35.1525008+01:00" endTime="2022-12-09T10:00:35.1542910+01:00" testType="13cdc9d9-ddb5-4fa4-a97d-d965ccfc6d4b" outcome="Passed" testListId="8c84fa94-04c1-424b-9868-57a2d4851a1d" relativeResultsDirectory="39ab28b4-f370-451c-9d2d-7eb0d971e593" />
    <UnitTestResult executionId="1f1d263a-8e1d-4a5e-b67d-5ab7e8f8f174" testId="45efbe21-1041-6f39-7dd3-eea9dfccf59a" testName="Test3" computerName="PC-AFORLIN01" duration="00:00:00.0094000" startTime="2022-12-09T10:00:35.1230967+01:00" endTime="2022-12-09T10:00:35.1324958+01:00" testType="13cdc9d9-ddb5-4fa4-a97d-d965ccfc6d4b" outcome="Passed" testListId="8c84fa94-04c1-424b-9868-57a2d4851a1d" relativeResultsDirectory="1f1d263a-8e1d-4a5e-b67d-5ab7e8f8f174" />
  </Results>
  <TestDefinitions>
    <UnitTest name="Test3" storage="d:\private\adventofcode2022\fsharp\day5.tests\bin\debug\net7.0\day5.tests.dll" id="45efbe21-1041-6f39-7dd3-eea9dfccf59a">
      <Execution id="1f1d263a-8e1d-4a5e-b67d-5ab7e8f8f174" />
      <TestMethod codeBase="D:\private\AdventOfCode2022\fsharp\Day5.Tests\bin\Debug\net7.0\Day5.Tests.dll" adapterTypeName="executor://nunit3testexecutor/" className="Day5.Tests" name="Test3" />
    </UnitTest>
    <UnitTest name="Test5" storage="d:\private\adventofcode2022\fsharp\day5.tests\bin\debug\net7.0\day5.tests.dll" id="51f7744c-e200-5033-d6a7-85a98e684330">
      <Execution id="a4ac105e-c899-4501-9a74-f1f9f0e3e1bc" />
      <TestMethod codeBase="D:\private\AdventOfCode2022\fsharp\Day5.Tests\bin\Debug\net7.0\Day5.Tests.dll" adapterTypeName="executor://nunit3testexecutor/" className="Day5.Tests" name="Test5" />
    </UnitTest>
    <UnitTest name="TestReduce" storage="d:\private\adventofcode2022\fsharp\day5.tests\bin\debug\net7.0\day5.tests.dll" id="c1f2d8b6-a51e-1763-da25-6b5a8bec758d">
      <Execution id="f6e466e0-c614-4332-8e98-522c686ddf75" />
      <TestMethod codeBase="D:\private\AdventOfCode2022\fsharp\Day5.Tests\bin\Debug\net7.0\Day5.Tests.dll" adapterTypeName="executor://nunit3testexecutor/" className="Day5.Tests" name="TestReduce" />
    </UnitTest>
    <UnitTest name="Test2" storage="d:\private\adventofcode2022\fsharp\day5.tests\bin\debug\net7.0\day5.tests.dll" id="266d3783-7dcc-ac05-bad8-c4e2f47b01f5">
      <Execution id="87c3ce8b-271b-4e5d-830d-b5ef136688c0" />
      <TestMethod codeBase="D:\private\AdventOfCode2022\fsharp\Day5.Tests\bin\Debug\net7.0\Day5.Tests.dll" adapterTypeName="executor://nunit3testexecutor/" className="Day5.Tests" name="Test2" />
    </UnitTest>
    <UnitTest name="TestPart2" storage="d:\private\adventofcode2022\fsharp\day5.tests\bin\debug\net7.0\day5.tests.dll" id="588c1eb3-978a-c208-0658-10e1367b6fdc">
      <Execution id="39ab28b4-f370-451c-9d2d-7eb0d971e593" />
      <TestMethod codeBase="D:\private\AdventOfCode2022\fsharp\Day5.Tests\bin\Debug\net7.0\Day5.Tests.dll" adapterTypeName="executor://nunit3testexecutor/" className="Day5.Tests" name="TestPart2" />
    </UnitTest>
    <UnitTest name="TestFile" storage="d:\private\adventofcode2022\fsharp\day5.tests\bin\debug\net7.0\day5.tests.dll" id="baf70c4b-54b2-379d-721b-42dc980091fb">
      <Execution id="6cd598e3-3659-496e-9953-cc558a58fa53" />
      <TestMethod codeBase="D:\private\AdventOfCode2022\fsharp\Day5.Tests\bin\Debug\net7.0\Day5.Tests.dll" adapterTypeName="executor://nunit3testexecutor/" className="Day5.Tests" name="TestFile" />
    </UnitTest>
    <UnitTest name="Test1" storage="d:\private\adventofcode2022\fsharp\day5.tests\bin\debug\net7.0\day5.tests.dll" id="41fef07d-24eb-a8a1-f34b-76656fd7cd82">
      <Execution id="19bc4df3-213a-4cea-a3e4-dd6bd0c1e5f9" />
      <TestMethod codeBase="D:\private\AdventOfCode2022\fsharp\Day5.Tests\bin\Debug\net7.0\Day5.Tests.dll" adapterTypeName="executor://nunit3testexecutor/" className="Day5.Tests" name="Test1" />
    </UnitTest>
  </TestDefinitions>
  <TestEntries>
    <TestEntry testId="c1f2d8b6-a51e-1763-da25-6b5a8bec758d" executionId="f6e466e0-c614-4332-8e98-522c686ddf75" testListId="8c84fa94-04c1-424b-9868-57a2d4851a1d" />
    <TestEntry testId="baf70c4b-54b2-379d-721b-42dc980091fb" executionId="6cd598e3-3659-496e-9953-cc558a58fa53" testListId="8c84fa94-04c1-424b-9868-57a2d4851a1d" />
    <TestEntry testId="41fef07d-24eb-a8a1-f34b-76656fd7cd82" executionId="19bc4df3-213a-4cea-a3e4-dd6bd0c1e5f9" testListId="8c84fa94-04c1-424b-9868-57a2d4851a1d" />
    <TestEntry testId="266d3783-7dcc-ac05-bad8-c4e2f47b01f5" executionId="87c3ce8b-271b-4e5d-830d-b5ef136688c0" testListId="8c84fa94-04c1-424b-9868-57a2d4851a1d" />
    <TestEntry testId="51f7744c-e200-5033-d6a7-85a98e684330" executionId="a4ac105e-c899-4501-9a74-f1f9f0e3e1bc" testListId="8c84fa94-04c1-424b-9868-57a2d4851a1d" />
    <TestEntry testId="588c1eb3-978a-c208-0658-10e1367b6fdc" executionId="39ab28b4-f370-451c-9d2d-7eb0d971e593" testListId="8c84fa94-04c1-424b-9868-57a2d4851a1d" />
    <TestEntry testId="45efbe21-1041-6f39-7dd3-eea9dfccf59a" executionId="1f1d263a-8e1d-4a5e-b67d-5ab7e8f8f174" testListId="8c84fa94-04c1-424b-9868-57a2d4851a1d" />
  </TestEntries>
  <TestLists>
    <TestList name="Results Not in a List" id="8c84fa94-04c1-424b-9868-57a2d4851a1d" />
    <TestList name="All Loaded Results" id="19431567-8539-422a-85d7-44ee4e166bda" />
  </TestLists>
  <ResultSummary outcome="Completed">
    <Counters total="7" executed="7" passed="7" failed="0" error="0" timeout="0" aborted="0" inconclusive="0" passedButRunAborted="0" notRunnable="0" notExecuted="0" disconnected="0" warning="0" completed="0" inProgress="0" pending="0" />
    <Output>
      <StdOut>NUnit Adapter 4.2.0.0: Test execution started&#xD;
Running all tests in D:\private\AdventOfCode2022\fsharp\Day5.Tests\bin\Debug\net7.0\Day5.Tests.dll&#xD;
   NUnit3TestExecutor discovered 7 of 7 NUnit test cases using Current Discovery mode, Non-Explicit run&#xD;
NUnit Adapter 4.2.0.0: Test execution complete&#xD;
</StdOut>
    </Output>
    <RunInfos>
      <RunInfo computerName="PC-AFORLIN01" outcome="Warning" timestamp="2022-12-09T10:00:35.1496640+01:00">
        <Text>[D] 	... 	... 	&#xD;
[N] 	[C] 	... 	&#xD;
[Z] 	[M] 	[P] 	&#xD;
 1  	 2  	 3  	&#xD;
</Text>
      </RunInfo>
      <RunInfo computerName="PC-AFORLIN01" outcome="Warning" timestamp="2022-12-09T10:00:35.1555639+01:00">
        <Text>... 	... 	[Z] 	&#xD;
... 	... 	[N] 	&#xD;
... 	[C] 	[D] 	&#xD;
... 	[M] 	[P] 	&#xD;
 1  	 2  	 3  	&#xD;
</Text>
      </RunInfo>
    </RunInfos>
  </ResultSummary>
</TestRun>