<?xml version="1.0" encoding="utf-8"?>
<TestRun id="d2de2b18-62fa-4256-a2d1-6f58fd3f5207" name="a.forlin@PC-AFORLIN01 2022-12-05 18:01:24" runUser="DATASERVICES\a.forlin" xmlns="http://microsoft.com/schemas/VisualStudio/TeamTest/2010">
  <Times creation="2022-12-05T18:01:24.9428866+01:00" queuing="2022-12-05T18:01:24.9428868+01:00" start="2022-12-05T18:01:24.0644731+01:00" finish="2022-12-05T18:01:24.9490829+01:00" />
  <TestSettings name="default" id="6cb9da88-5997-48e0-b91c-949b8c624dca">
    <Deployment runDeploymentRoot="a.forlin_PC-AFORLIN01_2022-12-05_18_01_24" />
  </TestSettings>
  <Results>
    <UnitTestResult executionId="5a9394eb-d7dc-4e8b-9b7e-2d66f9c2a89b" testId="41fef07d-24eb-a8a1-f34b-76656fd7cd82" testName="Test1" computerName="PC-AFORLIN01" duration="00:00:00.0736650" startTime="2022-12-05T18:01:24.7191164+01:00" endTime="2022-12-05T18:01:24.7926970+01:00" testType="13cdc9d9-ddb5-4fa4-a97d-d965ccfc6d4b" outcome="Failed" testListId="8c84fa94-04c1-424b-9868-57a2d4851a1d" relativeResultsDirectory="5a9394eb-d7dc-4e8b-9b7e-2d66f9c2a89b">
      <Output>
        <ErrorInfo>
          <Message>  Expected is &lt;Day5.Tests+Test1@18&gt;, actual is &lt;Microsoft.FSharp.Collections.IEnumerator+mkSeq@177[Day5.Part1+Crate]&gt;&#xD;
  Values differ at index [0]&#xD;
  Expected: ('N', 'Z')&#xD;
  But was:  &lt;Day5.Part1+Crate&gt;&#xD;
</Message>
          <StackTrace>   at Day5.Tests.Test1() in d:\private\AdventOfCode2022\fsharp\Day5.Tests\UnitTest1.fs:line 18&#xD;
</StackTrace>
        </ErrorInfo>
      </Output>
    </UnitTestResult>
  </Results>
  <TestDefinitions>
    <UnitTest name="Test1" storage="d:\private\adventofcode2022\fsharp\day5.tests\bin\debug\net7.0\day5.tests.dll" id="41fef07d-24eb-a8a1-f34b-76656fd7cd82">
      <Execution id="5a9394eb-d7dc-4e8b-9b7e-2d66f9c2a89b" />
      <TestMethod codeBase="d:\private\AdventOfCode2022\fsharp\Day5.Tests\bin\Debug\net7.0\Day5.Tests.dll" adapterTypeName="executor://nunit3testexecutor/" className="Day5.Tests" name="Test1" />
    </UnitTest>
  </TestDefinitions>
  <TestEntries>
    <TestEntry testId="41fef07d-24eb-a8a1-f34b-76656fd7cd82" executionId="5a9394eb-d7dc-4e8b-9b7e-2d66f9c2a89b" testListId="8c84fa94-04c1-424b-9868-57a2d4851a1d" />
  </TestEntries>
  <TestLists>
    <TestList name="Results Not in a List" id="8c84fa94-04c1-424b-9868-57a2d4851a1d" />
    <TestList name="All Loaded Results" id="19431567-8539-422a-85d7-44ee4e166bda" />
  </TestLists>
  <ResultSummary outcome="Failed">
    <Counters total="1" executed="1" passed="0" failed="1" error="0" timeout="0" aborted="0" inconclusive="0" passedButRunAborted="0" notRunnable="0" notExecuted="0" disconnected="0" warning="0" completed="0" inProgress="0" pending="0" />
    <Output>
      <StdOut>NUnit Adapter 4.2.0.0: Test execution started&#xD;
Running selected tests in d:\private\AdventOfCode2022\fsharp\Day5.Tests\bin\Debug\net7.0\Day5.Tests.dll&#xD;
   NUnit3TestExecutor discovered 1 of 1 NUnit test cases using Current Discovery mode, Non-Explicit run&#xD;
NUnit Adapter 4.2.0.0: Test execution complete&#xD;
</StdOut>
    </Output>
  </ResultSummary>
</TestRun>