<?xml version="1.0" encoding="utf-8"?>
<TestRun id="98ab50a0-ca6c-4f35-8535-3b486900c421" name="a.forlin@PC-AFORLIN01 2022-12-05 17:08:01" runUser="DATASERVICES\a.forlin" xmlns="http://microsoft.com/schemas/VisualStudio/TeamTest/2010">
  <Times creation="2022-12-05T17:08:01.1567931+01:00" queuing="2022-12-05T17:08:01.1567935+01:00" start="2022-12-05T17:07:58.2367310+01:00" finish="2022-12-05T17:08:01.1654721+01:00" />
  <TestSettings name="default" id="82270645-83f8-4c08-bd03-551d84338132">
    <Deployment runDeploymentRoot="a.forlin_PC-AFORLIN01_2022-12-05_17_08_01" />
  </TestSettings>
  <Results>
    <UnitTestResult executionId="898c9a1e-dc34-4bdf-9788-3dee3050378d" testId="44734f80-09c8-ea15-a249-f2352ad8d861" testName="TestCase2" computerName="PC-AFORLIN01" duration="00:00:00.0005660" startTime="2022-12-05T17:08:00.4787799+01:00" endTime="2022-12-05T17:08:00.4793467+01:00" testType="13cdc9d9-ddb5-4fa4-a97d-d965ccfc6d4b" outcome="Passed" testListId="8c84fa94-04c1-424b-9868-57a2d4851a1d" relativeResultsDirectory="898c9a1e-dc34-4bdf-9788-3dee3050378d" />
    <UnitTestResult executionId="d5a86137-42fb-43d0-8281-bc6fd94823fb" testId="9dfe05c8-1964-a7ff-35a5-42de41822577" testName="TestCase8" computerName="PC-AFORLIN01" duration="00:00:00.0013840" startTime="2022-12-05T17:08:00.7085952+01:00" endTime="2022-12-05T17:08:00.7099798+01:00" testType="13cdc9d9-ddb5-4fa4-a97d-d965ccfc6d4b" outcome="Passed" testListId="8c84fa94-04c1-424b-9868-57a2d4851a1d" relativeResultsDirectory="d5a86137-42fb-43d0-8281-bc6fd94823fb" />
    <UnitTestResult executionId="5c36f04f-c533-44d6-8736-a4546da0d32a" testId="8ed01c10-9424-9bef-bd6c-806fc7067c90" testName="TestCase1" computerName="PC-AFORLIN01" duration="00:00:00.2226990" startTime="2022-12-05T17:08:00.1791848+01:00" endTime="2022-12-05T17:08:00.4017838+01:00" testType="13cdc9d9-ddb5-4fa4-a97d-d965ccfc6d4b" outcome="Passed" testListId="8c84fa94-04c1-424b-9868-57a2d4851a1d" relativeResultsDirectory="5c36f04f-c533-44d6-8736-a4546da0d32a" />
    <UnitTestResult executionId="af4a4b9c-835b-4dcb-83df-fd3ba017fe24" testId="ce825084-3c8f-c8d4-0799-fbf85e962593" testName="TestCase3" computerName="PC-AFORLIN01" duration="00:00:00.0007490" startTime="2022-12-05T17:08:00.5117206+01:00" endTime="2022-12-05T17:08:00.5124706+01:00" testType="13cdc9d9-ddb5-4fa4-a97d-d965ccfc6d4b" outcome="Passed" testListId="8c84fa94-04c1-424b-9868-57a2d4851a1d" relativeResultsDirectory="af4a4b9c-835b-4dcb-83df-fd3ba017fe24" />
    <UnitTestResult executionId="54a23669-3ee4-4f01-adc6-f53c714200a7" testId="94a009e7-c249-86b0-018e-72ef42b51853" testName="TestCase6" computerName="PC-AFORLIN01" duration="00:00:00.0006550" startTime="2022-12-05T17:08:00.6390451+01:00" endTime="2022-12-05T17:08:00.6397004+01:00" testType="13cdc9d9-ddb5-4fa4-a97d-d965ccfc6d4b" outcome="Passed" testListId="8c84fa94-04c1-424b-9868-57a2d4851a1d" relativeResultsDirectory="54a23669-3ee4-4f01-adc6-f53c714200a7" />
    <UnitTestResult executionId="db30fa46-3ad3-4788-bc41-6a91cc6599df" testId="9d323af4-b56c-9085-f388-08c7bf57f537" testName="TestCase7" computerName="PC-AFORLIN01" duration="00:00:00.0121670" startTime="2022-12-05T17:08:00.6590707+01:00" endTime="2022-12-05T17:08:00.6712392+01:00" testType="13cdc9d9-ddb5-4fa4-a97d-d965ccfc6d4b" outcome="Passed" testListId="8c84fa94-04c1-424b-9868-57a2d4851a1d" relativeResultsDirectory="db30fa46-3ad3-4788-bc41-6a91cc6599df" />
    <UnitTestResult executionId="4d3427e9-ef4b-493b-b0a6-df04fd8d1b71" testId="384acdde-818d-3cf1-f196-5362d9120d5b" testName="TestCase4" computerName="PC-AFORLIN01" duration="00:00:00.0008450" startTime="2022-12-05T17:08:00.5479428+01:00" endTime="2022-12-05T17:08:00.5487882+01:00" testType="13cdc9d9-ddb5-4fa4-a97d-d965ccfc6d4b" outcome="Passed" testListId="8c84fa94-04c1-424b-9868-57a2d4851a1d" relativeResultsDirectory="4d3427e9-ef4b-493b-b0a6-df04fd8d1b71" />
    <UnitTestResult executionId="13f64d08-33b4-4153-a6e3-9ad4c81d76a9" testId="50857e2d-dcc7-8e18-216e-f34548e29720" testName="TestCase5" computerName="PC-AFORLIN01" duration="00:00:00.0152640" startTime="2022-12-05T17:08:00.5899616+01:00" endTime="2022-12-05T17:08:00.6052259+01:00" testType="13cdc9d9-ddb5-4fa4-a97d-d965ccfc6d4b" outcome="Passed" testListId="8c84fa94-04c1-424b-9868-57a2d4851a1d" relativeResultsDirectory="13f64d08-33b4-4153-a6e3-9ad4c81d76a9" />
  </Results>
  <TestDefinitions>
    <UnitTest name="TestCase1" storage="d:\private\adventofcode2022\fsharp\day4.tests\bin\debug\net7.0\day4.tests.dll" id="8ed01c10-9424-9bef-bd6c-806fc7067c90">
      <Execution id="5c36f04f-c533-44d6-8736-a4546da0d32a" />
      <TestMethod codeBase="d:\private\AdventOfCode2022\fsharp\Day4.Tests\bin\Debug\net7.0\Day4.Tests.dll" adapterTypeName="executor://nunit3testexecutor/" className="Day4.Tests" name="TestCase1" />
    </UnitTest>
    <UnitTest name="TestCase3" storage="d:\private\adventofcode2022\fsharp\day4.tests\bin\debug\net7.0\day4.tests.dll" id="ce825084-3c8f-c8d4-0799-fbf85e962593">
      <Execution id="af4a4b9c-835b-4dcb-83df-fd3ba017fe24" />
      <TestMethod codeBase="d:\private\AdventOfCode2022\fsharp\Day4.Tests\bin\Debug\net7.0\Day4.Tests.dll" adapterTypeName="executor://nunit3testexecutor/" className="Day4.Tests" name="TestCase3" />
    </UnitTest>
    <UnitTest name="TestCase6" storage="d:\private\adventofcode2022\fsharp\day4.tests\bin\debug\net7.0\day4.tests.dll" id="94a009e7-c249-86b0-018e-72ef42b51853">
      <Execution id="54a23669-3ee4-4f01-adc6-f53c714200a7" />
      <TestMethod codeBase="d:\private\AdventOfCode2022\fsharp\Day4.Tests\bin\Debug\net7.0\Day4.Tests.dll" adapterTypeName="executor://nunit3testexecutor/" className="Day4.Tests" name="TestCase6" />
    </UnitTest>
    <UnitTest name="TestCase2" storage="d:\private\adventofcode2022\fsharp\day4.tests\bin\debug\net7.0\day4.tests.dll" id="44734f80-09c8-ea15-a249-f2352ad8d861">
      <Execution id="898c9a1e-dc34-4bdf-9788-3dee3050378d" />
      <TestMethod codeBase="d:\private\AdventOfCode2022\fsharp\Day4.Tests\bin\Debug\net7.0\Day4.Tests.dll" adapterTypeName="executor://nunit3testexecutor/" className="Day4.Tests" name="TestCase2" />
    </UnitTest>
    <UnitTest name="TestCase8" storage="d:\private\adventofcode2022\fsharp\day4.tests\bin\debug\net7.0\day4.tests.dll" id="9dfe05c8-1964-a7ff-35a5-42de41822577">
      <Execution id="d5a86137-42fb-43d0-8281-bc6fd94823fb" />
      <TestMethod codeBase="d:\private\AdventOfCode2022\fsharp\Day4.Tests\bin\Debug\net7.0\Day4.Tests.dll" adapterTypeName="executor://nunit3testexecutor/" className="Day4.Tests" name="TestCase8" />
    </UnitTest>
    <UnitTest name="TestCase5" storage="d:\private\adventofcode2022\fsharp\day4.tests\bin\debug\net7.0\day4.tests.dll" id="50857e2d-dcc7-8e18-216e-f34548e29720">
      <Execution id="13f64d08-33b4-4153-a6e3-9ad4c81d76a9" />
      <TestMethod codeBase="d:\private\AdventOfCode2022\fsharp\Day4.Tests\bin\Debug\net7.0\Day4.Tests.dll" adapterTypeName="executor://nunit3testexecutor/" className="Day4.Tests" name="TestCase5" />
    </UnitTest>
    <UnitTest name="TestCase7" storage="d:\private\adventofcode2022\fsharp\day4.tests\bin\debug\net7.0\day4.tests.dll" id="9d323af4-b56c-9085-f388-08c7bf57f537">
      <Execution id="db30fa46-3ad3-4788-bc41-6a91cc6599df" />
      <TestMethod codeBase="d:\private\AdventOfCode2022\fsharp\Day4.Tests\bin\Debug\net7.0\Day4.Tests.dll" adapterTypeName="executor://nunit3testexecutor/" className="Day4.Tests" name="TestCase7" />
    </UnitTest>
    <UnitTest name="TestCase4" storage="d:\private\adventofcode2022\fsharp\day4.tests\bin\debug\net7.0\day4.tests.dll" id="384acdde-818d-3cf1-f196-5362d9120d5b">
      <Execution id="4d3427e9-ef4b-493b-b0a6-df04fd8d1b71" />
      <TestMethod codeBase="d:\private\AdventOfCode2022\fsharp\Day4.Tests\bin\Debug\net7.0\Day4.Tests.dll" adapterTypeName="executor://nunit3testexecutor/" className="Day4.Tests" name="TestCase4" />
    </UnitTest>
  </TestDefinitions>
  <TestEntries>
    <TestEntry testId="44734f80-09c8-ea15-a249-f2352ad8d861" executionId="898c9a1e-dc34-4bdf-9788-3dee3050378d" testListId="8c84fa94-04c1-424b-9868-57a2d4851a1d" />
    <TestEntry testId="9dfe05c8-1964-a7ff-35a5-42de41822577" executionId="d5a86137-42fb-43d0-8281-bc6fd94823fb" testListId="8c84fa94-04c1-424b-9868-57a2d4851a1d" />
    <TestEntry testId="8ed01c10-9424-9bef-bd6c-806fc7067c90" executionId="5c36f04f-c533-44d6-8736-a4546da0d32a" testListId="8c84fa94-04c1-424b-9868-57a2d4851a1d" />
    <TestEntry testId="ce825084-3c8f-c8d4-0799-fbf85e962593" executionId="af4a4b9c-835b-4dcb-83df-fd3ba017fe24" testListId="8c84fa94-04c1-424b-9868-57a2d4851a1d" />
    <TestEntry testId="94a009e7-c249-86b0-018e-72ef42b51853" executionId="54a23669-3ee4-4f01-adc6-f53c714200a7" testListId="8c84fa94-04c1-424b-9868-57a2d4851a1d" />
    <TestEntry testId="9d323af4-b56c-9085-f388-08c7bf57f537" executionId="db30fa46-3ad3-4788-bc41-6a91cc6599df" testListId="8c84fa94-04c1-424b-9868-57a2d4851a1d" />
    <TestEntry testId="384acdde-818d-3cf1-f196-5362d9120d5b" executionId="4d3427e9-ef4b-493b-b0a6-df04fd8d1b71" testListId="8c84fa94-04c1-424b-9868-57a2d4851a1d" />
    <TestEntry testId="50857e2d-dcc7-8e18-216e-f34548e29720" executionId="13f64d08-33b4-4153-a6e3-9ad4c81d76a9" testListId="8c84fa94-04c1-424b-9868-57a2d4851a1d" />
  </TestEntries>
  <TestLists>
    <TestList name="Results Not in a List" id="8c84fa94-04c1-424b-9868-57a2d4851a1d" />
    <TestList name="All Loaded Results" id="19431567-8539-422a-85d7-44ee4e166bda" />
  </TestLists>
  <ResultSummary outcome="Completed">
    <Counters total="8" executed="8" passed="8" failed="0" error="0" timeout="0" aborted="0" inconclusive="0" passedButRunAborted="0" notRunnable="0" notExecuted="0" disconnected="0" warning="0" completed="0" inProgress="0" pending="0" />
    <Output>
      <StdOut>NUnit Adapter 4.2.0.0: Test execution started&#xD;
Running all tests in d:\private\AdventOfCode2022\fsharp\Day4.Tests\bin\Debug\net7.0\Day4.Tests.dll&#xD;
   NUnit3TestExecutor discovered 8 of 8 NUnit test cases using Current Discovery mode, Non-Explicit run&#xD;
NUnit Adapter 4.2.0.0: Test execution complete&#xD;
</StdOut>
    </Output>
  </ResultSummary>
</TestRun>